Start testing: Sep 19 11:00 KST
----------------------------------------------------------
1/6 Testing: copyright
1/6 Test: copyright
Command: "/usr/bin/python3" "-u" "/opt/ros/foxy/share/ament_cmake_test/cmake/run_test.py" "/home/user1/ros2_ws/build/examples_rclcpp_multithreaded_executor/test_results/examples_rclcpp_multithreaded_executor/copyright.xunit.xml" "--package-name" "examples_rclcpp_multithreaded_executor" "--output-file" "/home/user1/ros2_ws/build/examples_rclcpp_multithreaded_executor/ament_copyright/copyright.txt" "--command" "/opt/ros/foxy/bin/ament_copyright" "--xunit-file" "/home/user1/ros2_ws/build/examples_rclcpp_multithreaded_executor/test_results/examples_rclcpp_multithreaded_executor/copyright.xunit.xml"
Directory: /home/user1/ros2_ws/src/examples/rclcpp/executors/multithreaded_executor
"copyright" start time: Sep 19 11:00 KST
Output:
----------------------------------------------------------
-- run_test.py: invoking following command in '/home/user1/ros2_ws/src/examples/rclcpp/executors/multithreaded_executor':
 - /opt/ros/foxy/bin/ament_copyright --xunit-file /home/user1/ros2_ws/build/examples_rclcpp_multithreaded_executor/test_results/examples_rclcpp_multithreaded_executor/copyright.xunit.xml
No problems found, checked 1 files
-- run_test.py: return code 0
-- run_test.py: verify result file '/home/user1/ros2_ws/build/examples_rclcpp_multithreaded_executor/test_results/examples_rclcpp_multithreaded_executor/copyright.xunit.xml'
<end of output>
Test time =   1.13 sec
----------------------------------------------------------
Test Passed.
"copyright" end time: Sep 19 11:00 KST
"copyright" time elapsed: 00:00:01
----------------------------------------------------------

2/6 Testing: cppcheck
2/6 Test: cppcheck
Command: "/usr/bin/python3" "-u" "/opt/ros/foxy/share/ament_cmake_test/cmake/run_test.py" "/home/user1/ros2_ws/build/examples_rclcpp_multithreaded_executor/test_results/examples_rclcpp_multithreaded_executor/cppcheck.xunit.xml" "--package-name" "examples_rclcpp_multithreaded_executor" "--output-file" "/home/user1/ros2_ws/build/examples_rclcpp_multithreaded_executor/ament_cppcheck/cppcheck.txt" "--command" "/opt/ros/foxy/bin/ament_cppcheck" "--xunit-file" "/home/user1/ros2_ws/build/examples_rclcpp_multithreaded_executor/test_results/examples_rclcpp_multithreaded_executor/cppcheck.xunit.xml"
Directory: /home/user1/ros2_ws/src/examples/rclcpp/executors/multithreaded_executor
"cppcheck" start time: Sep 19 11:00 KST
Output:
----------------------------------------------------------
-- run_test.py: invoking following command in '/home/user1/ros2_ws/src/examples/rclcpp/executors/multithreaded_executor':
 - /opt/ros/foxy/bin/ament_cppcheck --xunit-file /home/user1/ros2_ws/build/examples_rclcpp_multithreaded_executor/test_results/examples_rclcpp_multithreaded_executor/cppcheck.xunit.xml
No problems found
-- run_test.py: return code 0
-- run_test.py: verify result file '/home/user1/ros2_ws/build/examples_rclcpp_multithreaded_executor/test_results/examples_rclcpp_multithreaded_executor/cppcheck.xunit.xml'
<end of output>
Test time =   1.18 sec
----------------------------------------------------------
Test Passed.
"cppcheck" end time: Sep 19 11:00 KST
"cppcheck" time elapsed: 00:00:01
----------------------------------------------------------

3/6 Testing: cpplint
3/6 Test: cpplint
Command: "/usr/bin/python3" "-u" "/opt/ros/foxy/share/ament_cmake_test/cmake/run_test.py" "/home/user1/ros2_ws/build/examples_rclcpp_multithreaded_executor/test_results/examples_rclcpp_multithreaded_executor/cpplint.xunit.xml" "--package-name" "examples_rclcpp_multithreaded_executor" "--output-file" "/home/user1/ros2_ws/build/examples_rclcpp_multithreaded_executor/ament_cpplint/cpplint.txt" "--command" "/opt/ros/foxy/bin/ament_cpplint" "--xunit-file" "/home/user1/ros2_ws/build/examples_rclcpp_multithreaded_executor/test_results/examples_rclcpp_multithreaded_executor/cpplint.xunit.xml"
Directory: /home/user1/ros2_ws/src/examples/rclcpp/executors/multithreaded_executor
"cpplint" start time: Sep 19 11:00 KST
Output:
----------------------------------------------------------
-- run_test.py: invoking following command in '/home/user1/ros2_ws/src/examples/rclcpp/executors/multithreaded_executor':
 - /opt/ros/foxy/bin/ament_cpplint --xunit-file /home/user1/ros2_ws/build/examples_rclcpp_multithreaded_executor/test_results/examples_rclcpp_multithreaded_executor/cpplint.xunit.xml
Using '--root=..' argument

Done processing /home/user1/ros2_ws/src/examples/rclcpp/executors/multithreaded_executor/multithreaded_executor.cpp

No problems found
-- run_test.py: return code 0
-- run_test.py: verify result file '/home/user1/ros2_ws/build/examples_rclcpp_multithreaded_executor/test_results/examples_rclcpp_multithreaded_executor/cpplint.xunit.xml'
<end of output>
Test time =   1.24 sec
----------------------------------------------------------
Test Passed.
"cpplint" end time: Sep 19 11:00 KST
"cpplint" time elapsed: 00:00:01
----------------------------------------------------------

4/6 Testing: lint_cmake
4/6 Test: lint_cmake
Command: "/usr/bin/python3" "-u" "/opt/ros/foxy/share/ament_cmake_test/cmake/run_test.py" "/home/user1/ros2_ws/build/examples_rclcpp_multithreaded_executor/test_results/examples_rclcpp_multithreaded_executor/lint_cmake.xunit.xml" "--package-name" "examples_rclcpp_multithreaded_executor" "--output-file" "/home/user1/ros2_ws/build/examples_rclcpp_multithreaded_executor/ament_lint_cmake/lint_cmake.txt" "--command" "/opt/ros/foxy/bin/ament_lint_cmake" "--xunit-file" "/home/user1/ros2_ws/build/examples_rclcpp_multithreaded_executor/test_results/examples_rclcpp_multithreaded_executor/lint_cmake.xunit.xml"
Directory: /home/user1/ros2_ws/src/examples/rclcpp/executors/multithreaded_executor
"lint_cmake" start time: Sep 19 11:00 KST
Output:
----------------------------------------------------------
-- run_test.py: invoking following command in '/home/user1/ros2_ws/src/examples/rclcpp/executors/multithreaded_executor':
 - /opt/ros/foxy/bin/ament_lint_cmake --xunit-file /home/user1/ros2_ws/build/examples_rclcpp_multithreaded_executor/test_results/examples_rclcpp_multithreaded_executor/lint_cmake.xunit.xml

No problems found
-- run_test.py: return code 0
-- run_test.py: verify result file '/home/user1/ros2_ws/build/examples_rclcpp_multithreaded_executor/test_results/examples_rclcpp_multithreaded_executor/lint_cmake.xunit.xml'
<end of output>
Test time =   1.17 sec
----------------------------------------------------------
Test Passed.
"lint_cmake" end time: Sep 19 11:00 KST
"lint_cmake" time elapsed: 00:00:01
----------------------------------------------------------

5/6 Testing: uncrustify
5/6 Test: uncrustify
Command: "/usr/bin/python3" "-u" "/opt/ros/foxy/share/ament_cmake_test/cmake/run_test.py" "/home/user1/ros2_ws/build/examples_rclcpp_multithreaded_executor/test_results/examples_rclcpp_multithreaded_executor/uncrustify.xunit.xml" "--package-name" "examples_rclcpp_multithreaded_executor" "--output-file" "/home/user1/ros2_ws/build/examples_rclcpp_multithreaded_executor/ament_uncrustify/uncrustify.txt" "--command" "/opt/ros/foxy/bin/ament_uncrustify" "--xunit-file" "/home/user1/ros2_ws/build/examples_rclcpp_multithreaded_executor/test_results/examples_rclcpp_multithreaded_executor/uncrustify.xunit.xml"
Directory: /home/user1/ros2_ws/src/examples/rclcpp/executors/multithreaded_executor
"uncrustify" start time: Sep 19 11:00 KST
Output:
----------------------------------------------------------
-- run_test.py: invoking following command in '/home/user1/ros2_ws/src/examples/rclcpp/executors/multithreaded_executor':
 - /opt/ros/foxy/bin/ament_uncrustify --xunit-file /home/user1/ros2_ws/build/examples_rclcpp_multithreaded_executor/test_results/examples_rclcpp_multithreaded_executor/uncrustify.xunit.xml
No code style divergence in file 'multithreaded_executor.cpp'

No problems found
-- run_test.py: return code 0
-- run_test.py: verify result file '/home/user1/ros2_ws/build/examples_rclcpp_multithreaded_executor/test_results/examples_rclcpp_multithreaded_executor/uncrustify.xunit.xml'
<end of output>
Test time =   1.17 sec
----------------------------------------------------------
Test Passed.
"uncrustify" end time: Sep 19 11:00 KST
"uncrustify" time elapsed: 00:00:01
----------------------------------------------------------

6/6 Testing: xmllint
6/6 Test: xmllint
Command: "/usr/bin/python3" "-u" "/opt/ros/foxy/share/ament_cmake_test/cmake/run_test.py" "/home/user1/ros2_ws/build/examples_rclcpp_multithreaded_executor/test_results/examples_rclcpp_multithreaded_executor/xmllint.xunit.xml" "--package-name" "examples_rclcpp_multithreaded_executor" "--output-file" "/home/user1/ros2_ws/build/examples_rclcpp_multithreaded_executor/ament_xmllint/xmllint.txt" "--command" "/opt/ros/foxy/bin/ament_xmllint" "--xunit-file" "/home/user1/ros2_ws/build/examples_rclcpp_multithreaded_executor/test_results/examples_rclcpp_multithreaded_executor/xmllint.xunit.xml"
Directory: /home/user1/ros2_ws/src/examples/rclcpp/executors/multithreaded_executor
"xmllint" start time: Sep 19 11:00 KST
Output:
----------------------------------------------------------
-- run_test.py: invoking following command in '/home/user1/ros2_ws/src/examples/rclcpp/executors/multithreaded_executor':
 - /opt/ros/foxy/bin/ament_xmllint --xunit-file /home/user1/ros2_ws/build/examples_rclcpp_multithreaded_executor/test_results/examples_rclcpp_multithreaded_executor/xmllint.xunit.xml
<end of output>
Test time =  60.09 sec
----------------------------------------------------------
Test Failed.
"xmllint" end time: Sep 19 11:01 KST
"xmllint" time elapsed: 00:01:00
----------------------------------------------------------

End testing: Sep 19 11:01 KST

copyright =   1.13 sec*proc

cppcheck =   1.18 sec*proc

cpplint =   1.24 sec*proc

lint_cmake =   1.17 sec*proc

linter =  65.98 sec*proc

uncrustify =   1.17 sec*proc

xmllint =  60.09 sec*proc

