Start testing: Sep 19 10:56 KST
----------------------------------------------------------
1/6 Testing: copyright
1/6 Test: copyright
Command: "/usr/bin/python3" "-u" "/opt/ros/foxy/share/ament_cmake_test/cmake/run_test.py" "/home/user1/ros2_ws/build/examples_rclcpp_minimal_action_client/test_results/examples_rclcpp_minimal_action_client/copyright.xunit.xml" "--package-name" "examples_rclcpp_minimal_action_client" "--output-file" "/home/user1/ros2_ws/build/examples_rclcpp_minimal_action_client/ament_copyright/copyright.txt" "--command" "/opt/ros/foxy/bin/ament_copyright" "--xunit-file" "/home/user1/ros2_ws/build/examples_rclcpp_minimal_action_client/test_results/examples_rclcpp_minimal_action_client/copyright.xunit.xml"
Directory: /home/user1/ros2_ws/src/examples/rclcpp/actions/minimal_action_client
"copyright" start time: Sep 19 10:56 KST
Output:
----------------------------------------------------------
-- run_test.py: invoking following command in '/home/user1/ros2_ws/src/examples/rclcpp/actions/minimal_action_client':
 - /opt/ros/foxy/bin/ament_copyright --xunit-file /home/user1/ros2_ws/build/examples_rclcpp_minimal_action_client/test_results/examples_rclcpp_minimal_action_client/copyright.xunit.xml
No problems found, checked 4 files
-- run_test.py: return code 0
-- run_test.py: verify result file '/home/user1/ros2_ws/build/examples_rclcpp_minimal_action_client/test_results/examples_rclcpp_minimal_action_client/copyright.xunit.xml'
<end of output>
Test time =   1.52 sec
----------------------------------------------------------
Test Passed.
"copyright" end time: Sep 19 10:56 KST
"copyright" time elapsed: 00:00:01
----------------------------------------------------------

2/6 Testing: cppcheck
2/6 Test: cppcheck
Command: "/usr/bin/python3" "-u" "/opt/ros/foxy/share/ament_cmake_test/cmake/run_test.py" "/home/user1/ros2_ws/build/examples_rclcpp_minimal_action_client/test_results/examples_rclcpp_minimal_action_client/cppcheck.xunit.xml" "--package-name" "examples_rclcpp_minimal_action_client" "--output-file" "/home/user1/ros2_ws/build/examples_rclcpp_minimal_action_client/ament_cppcheck/cppcheck.txt" "--command" "/opt/ros/foxy/bin/ament_cppcheck" "--xunit-file" "/home/user1/ros2_ws/build/examples_rclcpp_minimal_action_client/test_results/examples_rclcpp_minimal_action_client/cppcheck.xunit.xml"
Directory: /home/user1/ros2_ws/src/examples/rclcpp/actions/minimal_action_client
"cppcheck" start time: Sep 19 10:56 KST
Output:
----------------------------------------------------------
-- run_test.py: invoking following command in '/home/user1/ros2_ws/src/examples/rclcpp/actions/minimal_action_client':
 - /opt/ros/foxy/bin/ament_cppcheck --xunit-file /home/user1/ros2_ws/build/examples_rclcpp_minimal_action_client/test_results/examples_rclcpp_minimal_action_client/cppcheck.xunit.xml
No problems found
-- run_test.py: return code 0
-- run_test.py: verify result file '/home/user1/ros2_ws/build/examples_rclcpp_minimal_action_client/test_results/examples_rclcpp_minimal_action_client/cppcheck.xunit.xml'
<end of output>
Test time =   1.24 sec
----------------------------------------------------------
Test Passed.
"cppcheck" end time: Sep 19 10:56 KST
"cppcheck" time elapsed: 00:00:01
----------------------------------------------------------

3/6 Testing: cpplint
3/6 Test: cpplint
Command: "/usr/bin/python3" "-u" "/opt/ros/foxy/share/ament_cmake_test/cmake/run_test.py" "/home/user1/ros2_ws/build/examples_rclcpp_minimal_action_client/test_results/examples_rclcpp_minimal_action_client/cpplint.xunit.xml" "--package-name" "examples_rclcpp_minimal_action_client" "--output-file" "/home/user1/ros2_ws/build/examples_rclcpp_minimal_action_client/ament_cpplint/cpplint.txt" "--command" "/opt/ros/foxy/bin/ament_cpplint" "--xunit-file" "/home/user1/ros2_ws/build/examples_rclcpp_minimal_action_client/test_results/examples_rclcpp_minimal_action_client/cpplint.xunit.xml"
Directory: /home/user1/ros2_ws/src/examples/rclcpp/actions/minimal_action_client
"cpplint" start time: Sep 19 10:56 KST
Output:
----------------------------------------------------------
-- run_test.py: invoking following command in '/home/user1/ros2_ws/src/examples/rclcpp/actions/minimal_action_client':
 - /opt/ros/foxy/bin/ament_cpplint --xunit-file /home/user1/ros2_ws/build/examples_rclcpp_minimal_action_client/test_results/examples_rclcpp_minimal_action_client/cpplint.xunit.xml
Using '--root=..' argument

Done processing /home/user1/ros2_ws/src/examples/rclcpp/actions/minimal_action_client/member_functions.cpp

Done processing /home/user1/ros2_ws/src/examples/rclcpp/actions/minimal_action_client/not_composable.cpp

Done processing /home/user1/ros2_ws/src/examples/rclcpp/actions/minimal_action_client/not_composable_with_cancel.cpp

Done processing /home/user1/ros2_ws/src/examples/rclcpp/actions/minimal_action_client/not_composable_with_feedback.cpp

No problems found
-- run_test.py: return code 0
-- run_test.py: verify result file '/home/user1/ros2_ws/build/examples_rclcpp_minimal_action_client/test_results/examples_rclcpp_minimal_action_client/cpplint.xunit.xml'
<end of output>
Test time =   1.32 sec
----------------------------------------------------------
Test Passed.
"cpplint" end time: Sep 19 10:56 KST
"cpplint" time elapsed: 00:00:01
----------------------------------------------------------

4/6 Testing: lint_cmake
4/6 Test: lint_cmake
Command: "/usr/bin/python3" "-u" "/opt/ros/foxy/share/ament_cmake_test/cmake/run_test.py" "/home/user1/ros2_ws/build/examples_rclcpp_minimal_action_client/test_results/examples_rclcpp_minimal_action_client/lint_cmake.xunit.xml" "--package-name" "examples_rclcpp_minimal_action_client" "--output-file" "/home/user1/ros2_ws/build/examples_rclcpp_minimal_action_client/ament_lint_cmake/lint_cmake.txt" "--command" "/opt/ros/foxy/bin/ament_lint_cmake" "--xunit-file" "/home/user1/ros2_ws/build/examples_rclcpp_minimal_action_client/test_results/examples_rclcpp_minimal_action_client/lint_cmake.xunit.xml"
Directory: /home/user1/ros2_ws/src/examples/rclcpp/actions/minimal_action_client
"lint_cmake" start time: Sep 19 10:56 KST
Output:
----------------------------------------------------------
-- run_test.py: invoking following command in '/home/user1/ros2_ws/src/examples/rclcpp/actions/minimal_action_client':
 - /opt/ros/foxy/bin/ament_lint_cmake --xunit-file /home/user1/ros2_ws/build/examples_rclcpp_minimal_action_client/test_results/examples_rclcpp_minimal_action_client/lint_cmake.xunit.xml

No problems found
-- run_test.py: return code 0
-- run_test.py: verify result file '/home/user1/ros2_ws/build/examples_rclcpp_minimal_action_client/test_results/examples_rclcpp_minimal_action_client/lint_cmake.xunit.xml'
<end of output>
Test time =   0.96 sec
----------------------------------------------------------
Test Passed.
"lint_cmake" end time: Sep 19 10:56 KST
"lint_cmake" time elapsed: 00:00:00
----------------------------------------------------------

5/6 Testing: uncrustify
5/6 Test: uncrustify
Command: "/usr/bin/python3" "-u" "/opt/ros/foxy/share/ament_cmake_test/cmake/run_test.py" "/home/user1/ros2_ws/build/examples_rclcpp_minimal_action_client/test_results/examples_rclcpp_minimal_action_client/uncrustify.xunit.xml" "--package-name" "examples_rclcpp_minimal_action_client" "--output-file" "/home/user1/ros2_ws/build/examples_rclcpp_minimal_action_client/ament_uncrustify/uncrustify.txt" "--command" "/opt/ros/foxy/bin/ament_uncrustify" "--xunit-file" "/home/user1/ros2_ws/build/examples_rclcpp_minimal_action_client/test_results/examples_rclcpp_minimal_action_client/uncrustify.xunit.xml"
Directory: /home/user1/ros2_ws/src/examples/rclcpp/actions/minimal_action_client
"uncrustify" start time: Sep 19 10:56 KST
Output:
----------------------------------------------------------
-- run_test.py: invoking following command in '/home/user1/ros2_ws/src/examples/rclcpp/actions/minimal_action_client':
 - /opt/ros/foxy/bin/ament_uncrustify --xunit-file /home/user1/ros2_ws/build/examples_rclcpp_minimal_action_client/test_results/examples_rclcpp_minimal_action_client/uncrustify.xunit.xml
No code style divergence in file 'member_functions.cpp'

No code style divergence in file 'not_composable.cpp'

No code style divergence in file 'not_composable_with_cancel.cpp'

No code style divergence in file 'not_composable_with_feedback.cpp'

No problems found
-- run_test.py: return code 0
-- run_test.py: verify result file '/home/user1/ros2_ws/build/examples_rclcpp_minimal_action_client/test_results/examples_rclcpp_minimal_action_client/uncrustify.xunit.xml'
<end of output>
Test time =   1.14 sec
----------------------------------------------------------
Test Passed.
"uncrustify" end time: Sep 19 10:56 KST
"uncrustify" time elapsed: 00:00:01
----------------------------------------------------------

6/6 Testing: xmllint
6/6 Test: xmllint
Command: "/usr/bin/python3" "-u" "/opt/ros/foxy/share/ament_cmake_test/cmake/run_test.py" "/home/user1/ros2_ws/build/examples_rclcpp_minimal_action_client/test_results/examples_rclcpp_minimal_action_client/xmllint.xunit.xml" "--package-name" "examples_rclcpp_minimal_action_client" "--output-file" "/home/user1/ros2_ws/build/examples_rclcpp_minimal_action_client/ament_xmllint/xmllint.txt" "--command" "/opt/ros/foxy/bin/ament_xmllint" "--xunit-file" "/home/user1/ros2_ws/build/examples_rclcpp_minimal_action_client/test_results/examples_rclcpp_minimal_action_client/xmllint.xunit.xml"
Directory: /home/user1/ros2_ws/src/examples/rclcpp/actions/minimal_action_client
"xmllint" start time: Sep 19 10:56 KST
Output:
----------------------------------------------------------
-- run_test.py: invoking following command in '/home/user1/ros2_ws/src/examples/rclcpp/actions/minimal_action_client':
 - /opt/ros/foxy/bin/ament_xmllint --xunit-file /home/user1/ros2_ws/build/examples_rclcpp_minimal_action_client/test_results/examples_rclcpp_minimal_action_client/xmllint.xunit.xml
<end of output>
Test time =  60.10 sec
----------------------------------------------------------
Test Failed.
"xmllint" end time: Sep 19 10:57 KST
"xmllint" time elapsed: 00:01:00
----------------------------------------------------------

End testing: Sep 19 10:57 KST

copyright =   1.52 sec*proc

cppcheck =   1.24 sec*proc

cpplint =   1.32 sec*proc

lint_cmake =   0.96 sec*proc

linter =  66.29 sec*proc

uncrustify =   1.14 sec*proc

xmllint =  60.10 sec*proc

