Start testing: Sep 19 10:59 KST
----------------------------------------------------------
1/6 Testing: copyright
1/6 Test: copyright
Command: "/usr/bin/python3" "-u" "/opt/ros/foxy/share/ament_cmake_test/cmake/run_test.py" "/home/user1/ros2_ws/build/examples_rclcpp_minimal_timer/test_results/examples_rclcpp_minimal_timer/copyright.xunit.xml" "--package-name" "examples_rclcpp_minimal_timer" "--output-file" "/home/user1/ros2_ws/build/examples_rclcpp_minimal_timer/ament_copyright/copyright.txt" "--command" "/opt/ros/foxy/bin/ament_copyright" "--xunit-file" "/home/user1/ros2_ws/build/examples_rclcpp_minimal_timer/test_results/examples_rclcpp_minimal_timer/copyright.xunit.xml"
Directory: /home/user1/ros2_ws/src/examples/rclcpp/timers/minimal_timer
"copyright" start time: Sep 19 10:59 KST
Output:
----------------------------------------------------------
-- run_test.py: invoking following command in '/home/user1/ros2_ws/src/examples/rclcpp/timers/minimal_timer':
 - /opt/ros/foxy/bin/ament_copyright --xunit-file /home/user1/ros2_ws/build/examples_rclcpp_minimal_timer/test_results/examples_rclcpp_minimal_timer/copyright.xunit.xml
No problems found, checked 2 files
-- run_test.py: return code 0
-- run_test.py: verify result file '/home/user1/ros2_ws/build/examples_rclcpp_minimal_timer/test_results/examples_rclcpp_minimal_timer/copyright.xunit.xml'
<end of output>
Test time =   1.04 sec
----------------------------------------------------------
Test Passed.
"copyright" end time: Sep 19 10:59 KST
"copyright" time elapsed: 00:00:01
----------------------------------------------------------

2/6 Testing: cppcheck
2/6 Test: cppcheck
Command: "/usr/bin/python3" "-u" "/opt/ros/foxy/share/ament_cmake_test/cmake/run_test.py" "/home/user1/ros2_ws/build/examples_rclcpp_minimal_timer/test_results/examples_rclcpp_minimal_timer/cppcheck.xunit.xml" "--package-name" "examples_rclcpp_minimal_timer" "--output-file" "/home/user1/ros2_ws/build/examples_rclcpp_minimal_timer/ament_cppcheck/cppcheck.txt" "--command" "/opt/ros/foxy/bin/ament_cppcheck" "--xunit-file" "/home/user1/ros2_ws/build/examples_rclcpp_minimal_timer/test_results/examples_rclcpp_minimal_timer/cppcheck.xunit.xml"
Directory: /home/user1/ros2_ws/src/examples/rclcpp/timers/minimal_timer
"cppcheck" start time: Sep 19 10:59 KST
Output:
----------------------------------------------------------
-- run_test.py: invoking following command in '/home/user1/ros2_ws/src/examples/rclcpp/timers/minimal_timer':
 - /opt/ros/foxy/bin/ament_cppcheck --xunit-file /home/user1/ros2_ws/build/examples_rclcpp_minimal_timer/test_results/examples_rclcpp_minimal_timer/cppcheck.xunit.xml
No problems found
-- run_test.py: return code 0
-- run_test.py: verify result file '/home/user1/ros2_ws/build/examples_rclcpp_minimal_timer/test_results/examples_rclcpp_minimal_timer/cppcheck.xunit.xml'
<end of output>
Test time =   1.00 sec
----------------------------------------------------------
Test Passed.
"cppcheck" end time: Sep 19 10:59 KST
"cppcheck" time elapsed: 00:00:01
----------------------------------------------------------

3/6 Testing: cpplint
3/6 Test: cpplint
Command: "/usr/bin/python3" "-u" "/opt/ros/foxy/share/ament_cmake_test/cmake/run_test.py" "/home/user1/ros2_ws/build/examples_rclcpp_minimal_timer/test_results/examples_rclcpp_minimal_timer/cpplint.xunit.xml" "--package-name" "examples_rclcpp_minimal_timer" "--output-file" "/home/user1/ros2_ws/build/examples_rclcpp_minimal_timer/ament_cpplint/cpplint.txt" "--command" "/opt/ros/foxy/bin/ament_cpplint" "--xunit-file" "/home/user1/ros2_ws/build/examples_rclcpp_minimal_timer/test_results/examples_rclcpp_minimal_timer/cpplint.xunit.xml"
Directory: /home/user1/ros2_ws/src/examples/rclcpp/timers/minimal_timer
"cpplint" start time: Sep 19 10:59 KST
Output:
----------------------------------------------------------
-- run_test.py: invoking following command in '/home/user1/ros2_ws/src/examples/rclcpp/timers/minimal_timer':
 - /opt/ros/foxy/bin/ament_cpplint --xunit-file /home/user1/ros2_ws/build/examples_rclcpp_minimal_timer/test_results/examples_rclcpp_minimal_timer/cpplint.xunit.xml
Using '--root=..' argument

Done processing /home/user1/ros2_ws/src/examples/rclcpp/timers/minimal_timer/lambda.cpp

Done processing /home/user1/ros2_ws/src/examples/rclcpp/timers/minimal_timer/member_function.cpp

No problems found
-- run_test.py: return code 0
-- run_test.py: verify result file '/home/user1/ros2_ws/build/examples_rclcpp_minimal_timer/test_results/examples_rclcpp_minimal_timer/cpplint.xunit.xml'
<end of output>
Test time =   1.06 sec
----------------------------------------------------------
Test Passed.
"cpplint" end time: Sep 19 10:59 KST
"cpplint" time elapsed: 00:00:01
----------------------------------------------------------

4/6 Testing: lint_cmake
4/6 Test: lint_cmake
Command: "/usr/bin/python3" "-u" "/opt/ros/foxy/share/ament_cmake_test/cmake/run_test.py" "/home/user1/ros2_ws/build/examples_rclcpp_minimal_timer/test_results/examples_rclcpp_minimal_timer/lint_cmake.xunit.xml" "--package-name" "examples_rclcpp_minimal_timer" "--output-file" "/home/user1/ros2_ws/build/examples_rclcpp_minimal_timer/ament_lint_cmake/lint_cmake.txt" "--command" "/opt/ros/foxy/bin/ament_lint_cmake" "--xunit-file" "/home/user1/ros2_ws/build/examples_rclcpp_minimal_timer/test_results/examples_rclcpp_minimal_timer/lint_cmake.xunit.xml"
Directory: /home/user1/ros2_ws/src/examples/rclcpp/timers/minimal_timer
"lint_cmake" start time: Sep 19 10:59 KST
Output:
----------------------------------------------------------
-- run_test.py: invoking following command in '/home/user1/ros2_ws/src/examples/rclcpp/timers/minimal_timer':
 - /opt/ros/foxy/bin/ament_lint_cmake --xunit-file /home/user1/ros2_ws/build/examples_rclcpp_minimal_timer/test_results/examples_rclcpp_minimal_timer/lint_cmake.xunit.xml

No problems found
-- run_test.py: return code 0
-- run_test.py: verify result file '/home/user1/ros2_ws/build/examples_rclcpp_minimal_timer/test_results/examples_rclcpp_minimal_timer/lint_cmake.xunit.xml'
<end of output>
Test time =   0.95 sec
----------------------------------------------------------
Test Passed.
"lint_cmake" end time: Sep 19 10:59 KST
"lint_cmake" time elapsed: 00:00:00
----------------------------------------------------------

5/6 Testing: uncrustify
5/6 Test: uncrustify
Command: "/usr/bin/python3" "-u" "/opt/ros/foxy/share/ament_cmake_test/cmake/run_test.py" "/home/user1/ros2_ws/build/examples_rclcpp_minimal_timer/test_results/examples_rclcpp_minimal_timer/uncrustify.xunit.xml" "--package-name" "examples_rclcpp_minimal_timer" "--output-file" "/home/user1/ros2_ws/build/examples_rclcpp_minimal_timer/ament_uncrustify/uncrustify.txt" "--command" "/opt/ros/foxy/bin/ament_uncrustify" "--xunit-file" "/home/user1/ros2_ws/build/examples_rclcpp_minimal_timer/test_results/examples_rclcpp_minimal_timer/uncrustify.xunit.xml"
Directory: /home/user1/ros2_ws/src/examples/rclcpp/timers/minimal_timer
"uncrustify" start time: Sep 19 10:59 KST
Output:
----------------------------------------------------------
-- run_test.py: invoking following command in '/home/user1/ros2_ws/src/examples/rclcpp/timers/minimal_timer':
 - /opt/ros/foxy/bin/ament_uncrustify --xunit-file /home/user1/ros2_ws/build/examples_rclcpp_minimal_timer/test_results/examples_rclcpp_minimal_timer/uncrustify.xunit.xml
No code style divergence in file 'lambda.cpp'

No code style divergence in file 'member_function.cpp'

No problems found
-- run_test.py: return code 0
-- run_test.py: verify result file '/home/user1/ros2_ws/build/examples_rclcpp_minimal_timer/test_results/examples_rclcpp_minimal_timer/uncrustify.xunit.xml'
<end of output>
Test time =   1.03 sec
----------------------------------------------------------
Test Passed.
"uncrustify" end time: Sep 19 10:59 KST
"uncrustify" time elapsed: 00:00:01
----------------------------------------------------------

6/6 Testing: xmllint
6/6 Test: xmllint
Command: "/usr/bin/python3" "-u" "/opt/ros/foxy/share/ament_cmake_test/cmake/run_test.py" "/home/user1/ros2_ws/build/examples_rclcpp_minimal_timer/test_results/examples_rclcpp_minimal_timer/xmllint.xunit.xml" "--package-name" "examples_rclcpp_minimal_timer" "--output-file" "/home/user1/ros2_ws/build/examples_rclcpp_minimal_timer/ament_xmllint/xmllint.txt" "--command" "/opt/ros/foxy/bin/ament_xmllint" "--xunit-file" "/home/user1/ros2_ws/build/examples_rclcpp_minimal_timer/test_results/examples_rclcpp_minimal_timer/xmllint.xunit.xml"
Directory: /home/user1/ros2_ws/src/examples/rclcpp/timers/minimal_timer
"xmllint" start time: Sep 19 10:59 KST
Output:
----------------------------------------------------------
-- run_test.py: invoking following command in '/home/user1/ros2_ws/src/examples/rclcpp/timers/minimal_timer':
 - /opt/ros/foxy/bin/ament_xmllint --xunit-file /home/user1/ros2_ws/build/examples_rclcpp_minimal_timer/test_results/examples_rclcpp_minimal_timer/xmllint.xunit.xml
<end of output>
Test time =  60.09 sec
----------------------------------------------------------
Test Failed.
"xmllint" end time: Sep 19 11:00 KST
"xmllint" time elapsed: 00:01:00
----------------------------------------------------------

End testing: Sep 19 11:00 KST

copyright =   1.04 sec*proc

cppcheck =   1.00 sec*proc

cpplint =   1.06 sec*proc

lint_cmake =   0.95 sec*proc

linter =  65.18 sec*proc

uncrustify =   1.03 sec*proc

xmllint =  60.09 sec*proc

