Start testing: Sep 19 10:56 KST
----------------------------------------------------------
1/6 Testing: copyright
1/6 Test: copyright
Command: "/usr/bin/python3" "-u" "/opt/ros/foxy/share/ament_cmake_test/cmake/run_test.py" "/home/user1/ros2_ws/build/examples_rclcpp_minimal_action_server/test_results/examples_rclcpp_minimal_action_server/copyright.xunit.xml" "--package-name" "examples_rclcpp_minimal_action_server" "--output-file" "/home/user1/ros2_ws/build/examples_rclcpp_minimal_action_server/ament_copyright/copyright.txt" "--command" "/opt/ros/foxy/bin/ament_copyright" "--xunit-file" "/home/user1/ros2_ws/build/examples_rclcpp_minimal_action_server/test_results/examples_rclcpp_minimal_action_server/copyright.xunit.xml"
Directory: /home/user1/ros2_ws/src/examples/rclcpp/actions/minimal_action_server
"copyright" start time: Sep 19 10:56 KST
Output:
----------------------------------------------------------
-- run_test.py: invoking following command in '/home/user1/ros2_ws/src/examples/rclcpp/actions/minimal_action_server':
 - /opt/ros/foxy/bin/ament_copyright --xunit-file /home/user1/ros2_ws/build/examples_rclcpp_minimal_action_server/test_results/examples_rclcpp_minimal_action_server/copyright.xunit.xml
No problems found, checked 2 files
-- run_test.py: return code 0
-- run_test.py: verify result file '/home/user1/ros2_ws/build/examples_rclcpp_minimal_action_server/test_results/examples_rclcpp_minimal_action_server/copyright.xunit.xml'
<end of output>
Test time =   1.52 sec
----------------------------------------------------------
Test Passed.
"copyright" end time: Sep 19 10:56 KST
"copyright" time elapsed: 00:00:01
----------------------------------------------------------

2/6 Testing: cppcheck
2/6 Test: cppcheck
Command: "/usr/bin/python3" "-u" "/opt/ros/foxy/share/ament_cmake_test/cmake/run_test.py" "/home/user1/ros2_ws/build/examples_rclcpp_minimal_action_server/test_results/examples_rclcpp_minimal_action_server/cppcheck.xunit.xml" "--package-name" "examples_rclcpp_minimal_action_server" "--output-file" "/home/user1/ros2_ws/build/examples_rclcpp_minimal_action_server/ament_cppcheck/cppcheck.txt" "--command" "/opt/ros/foxy/bin/ament_cppcheck" "--xunit-file" "/home/user1/ros2_ws/build/examples_rclcpp_minimal_action_server/test_results/examples_rclcpp_minimal_action_server/cppcheck.xunit.xml"
Directory: /home/user1/ros2_ws/src/examples/rclcpp/actions/minimal_action_server
"cppcheck" start time: Sep 19 10:56 KST
Output:
----------------------------------------------------------
-- run_test.py: invoking following command in '/home/user1/ros2_ws/src/examples/rclcpp/actions/minimal_action_server':
 - /opt/ros/foxy/bin/ament_cppcheck --xunit-file /home/user1/ros2_ws/build/examples_rclcpp_minimal_action_server/test_results/examples_rclcpp_minimal_action_server/cppcheck.xunit.xml
No problems found
-- run_test.py: return code 0
-- run_test.py: verify result file '/home/user1/ros2_ws/build/examples_rclcpp_minimal_action_server/test_results/examples_rclcpp_minimal_action_server/cppcheck.xunit.xml'
<end of output>
Test time =   1.22 sec
----------------------------------------------------------
Test Passed.
"cppcheck" end time: Sep 19 10:56 KST
"cppcheck" time elapsed: 00:00:01
----------------------------------------------------------

3/6 Testing: cpplint
3/6 Test: cpplint
Command: "/usr/bin/python3" "-u" "/opt/ros/foxy/share/ament_cmake_test/cmake/run_test.py" "/home/user1/ros2_ws/build/examples_rclcpp_minimal_action_server/test_results/examples_rclcpp_minimal_action_server/cpplint.xunit.xml" "--package-name" "examples_rclcpp_minimal_action_server" "--output-file" "/home/user1/ros2_ws/build/examples_rclcpp_minimal_action_server/ament_cpplint/cpplint.txt" "--command" "/opt/ros/foxy/bin/ament_cpplint" "--xunit-file" "/home/user1/ros2_ws/build/examples_rclcpp_minimal_action_server/test_results/examples_rclcpp_minimal_action_server/cpplint.xunit.xml"
Directory: /home/user1/ros2_ws/src/examples/rclcpp/actions/minimal_action_server
"cpplint" start time: Sep 19 10:56 KST
Output:
----------------------------------------------------------
-- run_test.py: invoking following command in '/home/user1/ros2_ws/src/examples/rclcpp/actions/minimal_action_server':
 - /opt/ros/foxy/bin/ament_cpplint --xunit-file /home/user1/ros2_ws/build/examples_rclcpp_minimal_action_server/test_results/examples_rclcpp_minimal_action_server/cpplint.xunit.xml
Using '--root=..' argument

Done processing /home/user1/ros2_ws/src/examples/rclcpp/actions/minimal_action_server/member_functions.cpp

Done processing /home/user1/ros2_ws/src/examples/rclcpp/actions/minimal_action_server/not_composable.cpp

No problems found
-- run_test.py: return code 0
-- run_test.py: verify result file '/home/user1/ros2_ws/build/examples_rclcpp_minimal_action_server/test_results/examples_rclcpp_minimal_action_server/cpplint.xunit.xml'
<end of output>
Test time =   1.21 sec
----------------------------------------------------------
Test Passed.
"cpplint" end time: Sep 19 10:56 KST
"cpplint" time elapsed: 00:00:01
----------------------------------------------------------

4/6 Testing: lint_cmake
4/6 Test: lint_cmake
Command: "/usr/bin/python3" "-u" "/opt/ros/foxy/share/ament_cmake_test/cmake/run_test.py" "/home/user1/ros2_ws/build/examples_rclcpp_minimal_action_server/test_results/examples_rclcpp_minimal_action_server/lint_cmake.xunit.xml" "--package-name" "examples_rclcpp_minimal_action_server" "--output-file" "/home/user1/ros2_ws/build/examples_rclcpp_minimal_action_server/ament_lint_cmake/lint_cmake.txt" "--command" "/opt/ros/foxy/bin/ament_lint_cmake" "--xunit-file" "/home/user1/ros2_ws/build/examples_rclcpp_minimal_action_server/test_results/examples_rclcpp_minimal_action_server/lint_cmake.xunit.xml"
Directory: /home/user1/ros2_ws/src/examples/rclcpp/actions/minimal_action_server
"lint_cmake" start time: Sep 19 10:56 KST
Output:
----------------------------------------------------------
-- run_test.py: invoking following command in '/home/user1/ros2_ws/src/examples/rclcpp/actions/minimal_action_server':
 - /opt/ros/foxy/bin/ament_lint_cmake --xunit-file /home/user1/ros2_ws/build/examples_rclcpp_minimal_action_server/test_results/examples_rclcpp_minimal_action_server/lint_cmake.xunit.xml

No problems found
-- run_test.py: return code 0
-- run_test.py: verify result file '/home/user1/ros2_ws/build/examples_rclcpp_minimal_action_server/test_results/examples_rclcpp_minimal_action_server/lint_cmake.xunit.xml'
<end of output>
Test time =   1.01 sec
----------------------------------------------------------
Test Passed.
"lint_cmake" end time: Sep 19 10:56 KST
"lint_cmake" time elapsed: 00:00:01
----------------------------------------------------------

5/6 Testing: uncrustify
5/6 Test: uncrustify
Command: "/usr/bin/python3" "-u" "/opt/ros/foxy/share/ament_cmake_test/cmake/run_test.py" "/home/user1/ros2_ws/build/examples_rclcpp_minimal_action_server/test_results/examples_rclcpp_minimal_action_server/uncrustify.xunit.xml" "--package-name" "examples_rclcpp_minimal_action_server" "--output-file" "/home/user1/ros2_ws/build/examples_rclcpp_minimal_action_server/ament_uncrustify/uncrustify.txt" "--command" "/opt/ros/foxy/bin/ament_uncrustify" "--xunit-file" "/home/user1/ros2_ws/build/examples_rclcpp_minimal_action_server/test_results/examples_rclcpp_minimal_action_server/uncrustify.xunit.xml"
Directory: /home/user1/ros2_ws/src/examples/rclcpp/actions/minimal_action_server
"uncrustify" start time: Sep 19 10:56 KST
Output:
----------------------------------------------------------
-- run_test.py: invoking following command in '/home/user1/ros2_ws/src/examples/rclcpp/actions/minimal_action_server':
 - /opt/ros/foxy/bin/ament_uncrustify --xunit-file /home/user1/ros2_ws/build/examples_rclcpp_minimal_action_server/test_results/examples_rclcpp_minimal_action_server/uncrustify.xunit.xml
No code style divergence in file 'member_functions.cpp'

No code style divergence in file 'not_composable.cpp'

No problems found
-- run_test.py: return code 0
-- run_test.py: verify result file '/home/user1/ros2_ws/build/examples_rclcpp_minimal_action_server/test_results/examples_rclcpp_minimal_action_server/uncrustify.xunit.xml'
<end of output>
Test time =   1.21 sec
----------------------------------------------------------
Test Passed.
"uncrustify" end time: Sep 19 10:56 KST
"uncrustify" time elapsed: 00:00:01
----------------------------------------------------------

6/6 Testing: xmllint
6/6 Test: xmllint
Command: "/usr/bin/python3" "-u" "/opt/ros/foxy/share/ament_cmake_test/cmake/run_test.py" "/home/user1/ros2_ws/build/examples_rclcpp_minimal_action_server/test_results/examples_rclcpp_minimal_action_server/xmllint.xunit.xml" "--package-name" "examples_rclcpp_minimal_action_server" "--output-file" "/home/user1/ros2_ws/build/examples_rclcpp_minimal_action_server/ament_xmllint/xmllint.txt" "--command" "/opt/ros/foxy/bin/ament_xmllint" "--xunit-file" "/home/user1/ros2_ws/build/examples_rclcpp_minimal_action_server/test_results/examples_rclcpp_minimal_action_server/xmllint.xunit.xml"
Directory: /home/user1/ros2_ws/src/examples/rclcpp/actions/minimal_action_server
"xmllint" start time: Sep 19 10:56 KST
Output:
----------------------------------------------------------
-- run_test.py: invoking following command in '/home/user1/ros2_ws/src/examples/rclcpp/actions/minimal_action_server':
 - /opt/ros/foxy/bin/ament_xmllint --xunit-file /home/user1/ros2_ws/build/examples_rclcpp_minimal_action_server/test_results/examples_rclcpp_minimal_action_server/xmllint.xunit.xml
<end of output>
Test time =  60.11 sec
----------------------------------------------------------
Test Failed.
"xmllint" end time: Sep 19 10:57 KST
"xmllint" time elapsed: 00:01:00
----------------------------------------------------------

End testing: Sep 19 10:57 KST

copyright =   1.52 sec*proc

cppcheck =   1.22 sec*proc

cpplint =   1.21 sec*proc

lint_cmake =   1.01 sec*proc

linter =  66.28 sec*proc

uncrustify =   1.21 sec*proc

xmllint =  60.11 sec*proc

